# JRE version: Java(TM) SE Runtime Environment (7.0_55-b13) (build 1.7.0_55-b13)
# Java VM: Java HotSpot(TM) Client VM (24.55-b03 mixed mode windows-x86 )
Heap
 def new generation   total 25920K, used 25920K [0x03b70000, 0x05790000, 0x090c0000)
  eden space 23040K, 100% used [0x03b70000, 0x051f0000, 0x051f0000)
  from space 2880K, 100% used [0x054c0000, 0x05790000, 0x05790000)
  to   space 2880K,   0% used [0x051f0000, 0x051f0000, 0x054c0000)
 tenured generation   total 59404K, used 59404K [0x090c0000, 0x0cac3000, 0x13b70000)
   the space 59404K, 100% used [0x090c0000, 0x0cac3000, 0x0cac3000, 0x0cac3000)
 compacting perm gen  total 12288K, used 3588K [0x13b70000, 0x14770000, 0x17b70000)
   the space 12288K,  29% used [0x13b70000, 0x13ef13a8, 0x13ef1400, 0x14770000)
GC Heap History (10 events):
Event: 2.033 GC heap after
Heap after GC invocations=37 (full 3):
 def new generation   total 22976K, used 2496K [0x03b70000, 0x05450000, 0x090c0000)
  eden space 20480K,   0% used [0x03b70000, 0x03b70000, 0x04f70000)
  from space 2496K, 100% used [0x051e0000, 0x05450000, 0x05450000)
  to   space 2496K,   0% used [0x04f70000, 0x04f70000, 0x051e0000)
 tenured generation   total 50864K, used 48819K [0x090c0000, 0x0c26c000, 0x13b70000)
   the space 50864K,  95% used [0x090c0000, 0x0c06cd90, 0x0c06ce00, 0x0c26c000)
 compacting perm gen  total 12288K, used 3588K [0x13b70000, 0x14770000, 0x17b70000)
   the space 12288K,  29% used [0x13b70000, 0x13ef11d0, 0x13ef1200, 0x14770000)
No shared spaces configured.
}
Event: 2.067 GC heap before
{Heap before GC invocations=37 (full 3):
 def new generation   total 22976K, used 22976K [0x03b70000, 0x05450000, 0x090c0000)
  eden space 20480K, 100% used [0x03b70000, 0x04f70000, 0x04f70000)
  from space 2496K, 100% used [0x051e0000, 0x05450000, 0x05450000)
  to   space 2496K,   0% used [0x04f70000, 0x04f70000, 0x051e0000)
 tenured generation   total 50864K, used 48819K [0x090c0000, 0x0c26c000, 0x13b70000)
   the space 50864K,  95% used [0x090c0000, 0x0c06cd90, 0x0c06ce00, 0x0c26c000)
 compacting perm gen  total 12288K, used 3588K [0x13b70000, 0x14770000, 0x17b70000)
   the space 12288K,  29% used [0x13b70000, 0x13ef1270, 0x13ef1400, 0x14770000)
No shared spaces configured.
Event: 2.221 GC heap after
Heap after GC invocations=38 (full 4):
 def new generation   total 23168K, used 0K [0x03b70000, 0x05490000, 0x090c0000)
  eden space 20608K,   0% used [0x03b70000, 0x03b70000, 0x04f90000)
  from space 2560K,   0% used [0x04f90000, 0x04f90000, 0x05210000)
  to   space 2560K,   0% used [0x05210000, 0x05210000, 0x05490000)
 tenured generation   total 51376K, used 50717K [0x090c0000, 0x0c2ec000, 0x13b70000)
   the space 51376K,  98% used [0x090c0000, 0x0c247790, 0x0c247800, 0x0c2ec000)
 compacting perm gen  total 12288K, used 3585K [0x13b70000, 0x14770000, 0x17b70000)
   the space 12288K,  29% used [0x13b70000, 0x13ef0498, 0x13ef0600, 0x14770000)
No shared spaces configured.
}
Event: 2.267 GC heap before
{Heap before GC invocations=38 (full 4):
 def new generation   total 23168K, used 20608K [0x03b70000, 0x05490000, 0x090c0000)
  eden space 20608K, 100% used [0x03b70000, 0x04f90000, 0x04f90000)
  from space 2560K,   0% used [0x04f90000, 0x04f90000, 0x05210000)
  to   space 2560K,   0% used [0x05210000, 0x05210000, 0x05490000)
 tenured generation   total 51376K, used 50717K [0x090c0000, 0x0c2ec000, 0x13b70000)
   the space 51376K,  98% used [0x090c0000, 0x0c247790, 0x0c247800, 0x0c2ec000)
 compacting perm gen  total 12288K, used 3588K [0x13b70000, 0x14770000, 0x17b70000)
   the space 12288K,  29% used [0x13b70000, 0x13ef1348, 0x13ef1400, 0x14770000)
No shared spaces configured.
Event: 2.275 GC heap after
Heap after GC invocations=39 (full 4):
 def new generation   total 23168K, used 2559K [0x03b70000, 0x05490000, 0x090c0000)
  eden space 20608K,   0% used [0x03b70000, 0x03b70000, 0x04f90000)
  from space 2560K,  99% used [0x05210000, 0x0548fff8, 0x05490000)
  to   space 2560K,   0% used [0x04f90000, 0x04f90000, 0x05210000)
 tenured generation   total 51376K, used 51290K [0x090c0000, 0x0c2ec000, 0x13b70000)
   the space 51376K,  99% used [0x090c0000, 0x0c2d6810, 0x0c2d6a00, 0x0c2ec000)
 compacting perm gen  total 12288K, used 3588K [0x13b70000, 0x14770000, 0x17b70000)
   the space 12288K,  29% used [0x13b70000, 0x13ef1348, 0x13ef1400, 0x14770000)
No shared spaces configured.
}
Event: 2.321 GC heap before
{Heap before GC invocations=39 (full 4):
 def new generation   total 23168K, used 23167K [0x03b70000, 0x05490000, 0x090c0000)
  eden space 20608K, 100% used [0x03b70000, 0x04f90000, 0x04f90000)
  from space 2560K,  99% used [0x05210000, 0x0548fff8, 0x05490000)
  to   space 2560K,   0% used [0x04f90000, 0x04f90000, 0x05210000)
 tenured generation   total 51376K, used 51290K [0x090c0000, 0x0c2ec000, 0x13b70000)
   the space 51376K,  99% used [0x090c0000, 0x0c2d6810, 0x0c2d6a00, 0x0c2ec000)
 compacting perm gen  total 12288K, used 3588K [0x13b70000, 0x14770000, 0x17b70000)
   the space 12288K,  29% used [0x13b70000, 0x13ef1348, 0x13ef1400, 0x14770000)
No shared spaces configured.
Event: 2.458 GC heap after
Heap after GC invocations=40 (full 5):
 def new generation   total 24704K, used 2516K [0x03b70000, 0x05630000, 0x090c0000)
  eden space 22016K,  11% used [0x03b70000, 0x03de5000, 0x050f0000)
  from space 2688K,   0% used [0x050f0000, 0x050f0000, 0x05390000)
  to   space 2688K,   0% used [0x05390000, 0x05390000, 0x05630000)
 tenured generation   total 54704K, used 54699K [0x090c0000, 0x0c62c000, 0x13b70000)
   the space 54704K,  99% used [0x090c0000, 0x0c62afd0, 0x0c62b000, 0x0c62c000)
 compacting perm gen  total 12288K, used 3588K [0x13b70000, 0x14770000, 0x17b70000)
   the space 12288K,  29% used [0x13b70000, 0x13ef1348, 0x13ef1400, 0x14770000)
No shared spaces configured.
}
Event: 2.504 GC heap before
{Heap before GC invocations=40 (full 5):
 def new generation   total 24704K, used 22016K [0x03b70000, 0x05630000, 0x090c0000)
  eden space 22016K, 100% used [0x03b70000, 0x050f0000, 0x050f0000)
  from space 2688K,   0% used [0x050f0000, 0x050f0000, 0x05390000)
  to   space 2688K,   0% used [0x05390000, 0x05390000, 0x05630000)
 tenured generation   total 54704K, used 54699K [0x090c0000, 0x0c62c000, 0x13b70000)
   the space 54704K,  99% used [0x090c0000, 0x0c62afd0, 0x0c62b000, 0x0c62c000)
 compacting perm gen  total 12288K, used 3588K [0x13b70000, 0x14770000, 0x17b70000)
   the space 12288K,  29% used [0x13b70000, 0x13ef1378, 0x13ef1400, 0x14770000)
No shared spaces configured.
Event: 2.674 GC heap after
Heap after GC invocations=41 (full 6):
 def new generation   total 25920K, used 2525K [0x03b70000, 0x05790000, 0x090c0000)
  eden space 23040K,  10% used [0x03b70000, 0x03de7748, 0x051f0000)
  from space 2880K,   0% used [0x051f0000, 0x051f0000, 0x054c0000)
  to   space 2880K,   0% used [0x054c0000, 0x054c0000, 0x05790000)
 tenured generation   total 57520K, used 57510K [0x090c0000, 0x0c8ec000, 0x13b70000)
   the space 57520K,  99% used [0x090c0000, 0x0c8e9a28, 0x0c8e9c00, 0x0c8ec000)
 compacting perm gen  total 12288K, used 3588K [0x13b70000, 0x14770000, 0x17b70000)
   the space 12288K,  29% used [0x13b70000, 0x13ef1378, 0x13ef1400, 0x14770000)
No shared spaces configured.
}
Event: 2.725 GC heap before
{Heap before GC invocations=41 (full 6):
 def new generation   total 25920K, used 23040K [0x03b70000, 0x05790000, 0x090c0000)
  eden space 23040K, 100% used [0x03b70000, 0x051f0000, 0x051f0000)
  from space 2880K,   0% used [0x051f0000, 0x051f0000, 0x054c0000)
  to   space 2880K,   0% used [0x054c0000, 0x054c0000, 0x05790000)
 tenured generation   total 57520K, used 57510K [0x090c0000, 0x0c8ec000, 0x13b70000)
   the space 57520K,  99% used [0x090c0000, 0x0c8e9a28, 0x0c8e9c00, 0x0c8ec000)
 compacting perm gen  total 12288K, used 3588K [0x13b70000, 0x14770000, 0x17b70000)
   the space 12288K,  29% used [0x13b70000, 0x13ef13a8, 0x13ef1400, 0x14770000)
No shared spaces configured.

