# JRE version: Java(TM) SE Runtime Environment (7.0_55-b13) (build 1.7.0_55-b13)
# Java VM: Java HotSpot(TM) Client VM (24.55-b03 mixed mode windows-x86 )
Heap
 def new generation   total 22464K, used 22463K [0x03850000, 0x050a0000, 0x08da0000)
  eden space 20032K, 100% used [0x03850000, 0x04be0000, 0x04be0000)
  from space 2432K,  99% used [0x04be0000, 0x04e3fff8, 0x04e40000)
  to   space 2432K,   0% used [0x04e40000, 0x04e40000, 0x050a0000)
 tenured generation   total 54532K, used 54529K [0x08da0000, 0x0c2e1000, 0x13850000)
   the space 54532K,  99% used [0x08da0000, 0x0c2e0648, 0x0c2e0800, 0x0c2e1000)
 compacting perm gen  total 12288K, used 3588K [0x13850000, 0x14450000, 0x17850000)
   the space 12288K,  29% used [0x13850000, 0x13bd1348, 0x13bd1400, 0x14450000)
GC Heap History (10 events):
Event: 3.049 GC heap after
Heap after GC invocations=40 (full 11):
 def new generation   total 20288K, used 2057K [0x03850000, 0x04e50000, 0x08da0000)
  eden space 18048K,  11% used [0x03850000, 0x03a52620, 0x049f0000)
  from space 2240K,   0% used [0x049f0000, 0x049f0000, 0x04c20000)
  to   space 2240K,   0% used [0x04c20000, 0x04c20000, 0x04e50000)
 tenured generation   total 44980K, used 44980K [0x08da0000, 0x0b98d000, 0x13850000)
   the space 44980K, 100% used [0x08da0000, 0x0b98d000, 0x0b98d000, 0x0b98d000)
 compacting perm gen  total 12288K, used 3572K [0x13850000, 0x14450000, 0x17850000)
   the space 12288K,  29% used [0x13850000, 0x13bcd060, 0x13bcd200, 0x14450000)
No shared spaces configured.
}
Event: 3.172 GC heap before
{Heap before GC invocations=40 (full 11):
 def new generation   total 20288K, used 18048K [0x03850000, 0x04e50000, 0x08da0000)
  eden space 18048K, 100% used [0x03850000, 0x049f0000, 0x049f0000)
  from space 2240K,   0% used [0x049f0000, 0x049f0000, 0x04c20000)
  to   space 2240K,   0% used [0x04c20000, 0x04c20000, 0x04e50000)
 tenured generation   total 44980K, used 44980K [0x08da0000, 0x0b98d000, 0x13850000)
   the space 44980K, 100% used [0x08da0000, 0x0b98d000, 0x0b98d000, 0x0b98d000)
 compacting perm gen  total 12288K, used 3572K [0x13850000, 0x14450000, 0x17850000)
   the space 12288K,  29% used [0x13850000, 0x13bcd150, 0x13bcd200, 0x14450000)
No shared spaces configured.
Event: 3.364 GC heap after
Heap after GC invocations=41 (full 12):
 def new generation   total 21312K, used 869K [0x03850000, 0x04f70000, 0x08da0000)
  eden space 18944K,   4% used [0x03850000, 0x039295c0, 0x04ad0000)
  from space 2368K,   0% used [0x04ad0000, 0x04ad0000, 0x04d20000)
  to   space 2368K,   0% used [0x04d20000, 0x04d20000, 0x04f70000)
 tenured generation   total 47284K, used 47281K [0x08da0000, 0x0bbcd000, 0x13850000)
   the space 47284K,  99% used [0x08da0000, 0x0bbcc5c8, 0x0bbcc600, 0x0bbcd000)
 compacting perm gen  total 12288K, used 3572K [0x13850000, 0x14450000, 0x17850000)
   the space 12288K,  29% used [0x13850000, 0x13bcd080, 0x13bcd200, 0x14450000)
No shared spaces configured.
}
Event: 3.410 GC heap before
{Heap before GC invocations=41 (full 12):
 def new generation   total 21312K, used 18944K [0x03850000, 0x04f70000, 0x08da0000)
  eden space 18944K, 100% used [0x03850000, 0x04ad0000, 0x04ad0000)
  from space 2368K,   0% used [0x04ad0000, 0x04ad0000, 0x04d20000)
  to   space 2368K,   0% used [0x04d20000, 0x04d20000, 0x04f70000)
 tenured generation   total 47284K, used 47281K [0x08da0000, 0x0bbcd000, 0x13850000)
   the space 47284K,  99% used [0x08da0000, 0x0bbcc5c8, 0x0bbcc600, 0x0bbcd000)
 compacting perm gen  total 12288K, used 3585K [0x13850000, 0x14450000, 0x17850000)
   the space 12288K,  29% used [0x13850000, 0x13bd0498, 0x13bd0600, 0x14450000)
No shared spaces configured.
Event: 3.561 GC heap after
Heap after GC invocations=42 (full 13):
 def new generation   total 21312K, used 2136K [0x03850000, 0x04f70000, 0x08da0000)
  eden space 18944K,  11% used [0x03850000, 0x03a66348, 0x04ad0000)
  from space 2368K,   0% used [0x04d20000, 0x04d20000, 0x04f70000)
  to   space 2368K,   0% used [0x04ad0000, 0x04ad0000, 0x04d20000)
 tenured generation   total 47284K, used 47282K [0x08da0000, 0x0bbcd000, 0x13850000)
   the space 47284K,  99% used [0x08da0000, 0x0bbcc8b0, 0x0bbcca00, 0x0bbcd000)
 compacting perm gen  total 12288K, used 3585K [0x13850000, 0x14450000, 0x17850000)
   the space 12288K,  29% used [0x13850000, 0x13bd0498, 0x13bd0600, 0x14450000)
No shared spaces configured.
}
Event: 3.615 GC heap before
{Heap before GC invocations=42 (full 13):
 def new generation   total 21312K, used 18944K [0x03850000, 0x04f70000, 0x08da0000)
  eden space 18944K, 100% used [0x03850000, 0x04ad0000, 0x04ad0000)
  from space 2368K,   0% used [0x04d20000, 0x04d20000, 0x04f70000)
  to   space 2368K,   0% used [0x04ad0000, 0x04ad0000, 0x04d20000)
 tenured generation   total 47284K, used 47282K [0x08da0000, 0x0bbcd000, 0x13850000)
   the space 47284K,  99% used [0x08da0000, 0x0bbcc8b0, 0x0bbcca00, 0x0bbcd000)
 compacting perm gen  total 12288K, used 3588K [0x13850000, 0x14450000, 0x17850000)
   the space 12288K,  29% used [0x13850000, 0x13bd1348, 0x13bd1400, 0x14450000)
No shared spaces configured.
Event: 3.771 GC heap after
Heap after GC invocations=43 (full 14):
 def new generation   total 22464K, used 2326K [0x03850000, 0x050a0000, 0x08da0000)
  eden space 20032K,  11% used [0x03850000, 0x03a95ac8, 0x04be0000)
  from space 2432K,   0% used [0x04be0000, 0x04be0000, 0x04e40000)
  to   space 2432K,   0% used [0x04e40000, 0x04e40000, 0x050a0000)
 tenured generation   total 49716K, used 49714K [0x08da0000, 0x0be2d000, 0x13850000)
   the space 49716K,  99% used [0x08da0000, 0x0be2ca10, 0x0be2cc00, 0x0be2d000)
 compacting perm gen  total 12288K, used 3588K [0x13850000, 0x14450000, 0x17850000)
   the space 12288K,  29% used [0x13850000, 0x13bd1348, 0x13bd1400, 0x14450000)
No shared spaces configured.
}
Event: 3.817 GC heap before
{Heap before GC invocations=43 (full 14):
 def new generation   total 22464K, used 20032K [0x03850000, 0x050a0000, 0x08da0000)
  eden space 20032K, 100% used [0x03850000, 0x04be0000, 0x04be0000)
  from space 2432K,   0% used [0x04be0000, 0x04be0000, 0x04e40000)
  to   space 2432K,   0% used [0x04e40000, 0x04e40000, 0x050a0000)
 tenured generation   total 49716K, used 49714K [0x08da0000, 0x0be2d000, 0x13850000)
   the space 49716K,  99% used [0x08da0000, 0x0be2ca10, 0x0be2cc00, 0x0be2d000)
 compacting perm gen  total 12288K, used 3588K [0x13850000, 0x14450000, 0x17850000)
   the space 12288K,  29% used [0x13850000, 0x13bd1348, 0x13bd1400, 0x14450000)
No shared spaces configured.
Event: 3.976 GC heap after
Heap after GC invocations=44 (full 15):
 def new generation   total 22464K, used 2294K [0x03850000, 0x050a0000, 0x08da0000)
  eden space 20032K,  11% used [0x03850000, 0x03a8dab8, 0x04be0000)
  from space 2432K,   0% used [0x04e40000, 0x04e40000, 0x050a0000)
  to   space 2432K,   0% used [0x04be0000, 0x04be0000, 0x04e40000)
 tenured generation   total 52660K, used 52639K [0x08da0000, 0x0c10d000, 0x13850000)
   the space 52660K,  99% used [0x08da0000, 0x0c107f28, 0x0c108000, 0x0c10d000)
 compacting perm gen  total 12288K, used 3588K [0x13850000, 0x14450000, 0x17850000)
   the space 12288K,  29% used [0x13850000, 0x13bd1348, 0x13bd1400, 0x14450000)
No shared spaces configured.
}
Event: 4.025 GC heap before
{Heap before GC invocations=44 (full 15):
 def new generation   total 22464K, used 20032K [0x03850000, 0x050a0000, 0x08da0000)
  eden space 20032K, 100% used [0x03850000, 0x04be0000, 0x04be0000)
  from space 2432K,   0% used [0x04e40000, 0x04e40000, 0x050a0000)
  to   space 2432K,   0% used [0x04be0000, 0x04be0000, 0x04e40000)
 tenured generation   total 52660K, used 52639K [0x08da0000, 0x0c10d000, 0x13850000)
   the space 52660K,  99% used [0x08da0000, 0x0c107f28, 0x0c108000, 0x0c10d000)
 compacting perm gen  total 12288K, used 3588K [0x13850000, 0x14450000, 0x17850000)
   the space 12288K,  29% used [0x13850000, 0x13bd1348, 0x13bd1400, 0x14450000)
No shared spaces configured.

