# JRE version: Java(TM) SE Runtime Environment (7.0_55-b13) (build 1.7.0_55-b13)
# Java VM: Java HotSpot(TM) Client VM (24.55-b03 mixed mode windows-x86 )
Heap
 def new generation   total 64768K, used 7167K [0x03ff0000, 0x08630000, 0x09540000)
  eden space 57600K,   0% used [0x03ff0000, 0x03ff0000, 0x07830000)
  from space 7168K,  99% used [0x07f30000, 0x0862fff8, 0x08630000)
  to   space 7168K,   0% used [0x07830000, 0x07830000, 0x07f30000)
 tenured generation   total 150568K, used 150442K [0x09540000, 0x1284a000, 0x13ff0000)
   the space 150568K,  99% used [0x09540000, 0x1282a910, 0x1282aa00, 0x1284a000)
 compacting perm gen  total 12288K, used 3589K [0x13ff0000, 0x14bf0000, 0x17ff0000)
   the space 12288K,  29% used [0x13ff0000, 0x14371538, 0x14371600, 0x14bf0000)
GC Heap History (10 events):
Event: 4.128 GC heap after
Heap after GC invocations=50 (full 5):
 def new generation   total 63168K, used 6976K [0x03ff0000, 0x08470000, 0x09540000)
  eden space 56192K,   0% used [0x03ff0000, 0x03ff0000, 0x076d0000)
  from space 6976K, 100% used [0x076d0000, 0x07da0000, 0x07da0000)
  to   space 6976K,   0% used [0x07da0000, 0x07da0000, 0x08470000)
 tenured generation   total 140200K, used 110905K [0x09540000, 0x11e2a000, 0x13ff0000)
   the space 140200K,  79% used [0x09540000, 0x1018e7d0, 0x1018e800, 0x11e2a000)
 compacting perm gen  total 12288K, used 3589K [0x13ff0000, 0x14bf0000, 0x17ff0000)
   the space 12288K,  29% used [0x13ff0000, 0x14371528, 0x14371600, 0x14bf0000)
No shared spaces configured.
}
Event: 4.293 GC heap before
{Heap before GC invocations=50 (full 5):
 def new generation   total 63168K, used 63168K [0x03ff0000, 0x08470000, 0x09540000)
  eden space 56192K, 100% used [0x03ff0000, 0x076d0000, 0x076d0000)
  from space 6976K, 100% used [0x076d0000, 0x07da0000, 0x07da0000)
  to   space 6976K,   0% used [0x07da0000, 0x07da0000, 0x08470000)
 tenured generation   total 140200K, used 110905K [0x09540000, 0x11e2a000, 0x13ff0000)
   the space 140200K,  79% used [0x09540000, 0x1018e7d0, 0x1018e800, 0x11e2a000)
 compacting perm gen  total 12288K, used 3589K [0x13ff0000, 0x14bf0000, 0x17ff0000)
   the space 12288K,  29% used [0x13ff0000, 0x14371538, 0x14371600, 0x14bf0000)
No shared spaces configured.
Event: 4.332 GC heap after
Heap after GC invocations=51 (full 5):
 def new generation   total 63168K, used 6975K [0x03ff0000, 0x08470000, 0x09540000)
  eden space 56192K,   0% used [0x03ff0000, 0x03ff0000, 0x076d0000)
  from space 6976K,  99% used [0x07da0000, 0x0846fff8, 0x08470000)
  to   space 6976K,   0% used [0x076d0000, 0x076d0000, 0x07da0000)
 tenured generation   total 140200K, used 119755K [0x09540000, 0x11e2a000, 0x13ff0000)
   the space 140200K,  85% used [0x09540000, 0x10a32f00, 0x10a33000, 0x11e2a000)
 compacting perm gen  total 12288K, used 3589K [0x13ff0000, 0x14bf0000, 0x17ff0000)
   the space 12288K,  29% used [0x13ff0000, 0x14371538, 0x14371600, 0x14bf0000)
No shared spaces configured.
}
Event: 4.463 GC heap before
{Heap before GC invocations=51 (full 5):
 def new generation   total 63168K, used 63167K [0x03ff0000, 0x08470000, 0x09540000)
  eden space 56192K, 100% used [0x03ff0000, 0x076d0000, 0x076d0000)
  from space 6976K,  99% used [0x07da0000, 0x0846fff8, 0x08470000)
  to   space 6976K,   0% used [0x076d0000, 0x076d0000, 0x07da0000)
 tenured generation   total 140200K, used 119755K [0x09540000, 0x11e2a000, 0x13ff0000)
   the space 140200K,  85% used [0x09540000, 0x10a32f00, 0x10a33000, 0x11e2a000)
 compacting perm gen  total 12288K, used 3589K [0x13ff0000, 0x14bf0000, 0x17ff0000)
   the space 12288K,  29% used [0x13ff0000, 0x14371538, 0x14371600, 0x14bf0000)
No shared spaces configured.
Event: 4.502 GC heap after
Heap after GC invocations=52 (full 5):
 def new generation   total 63168K, used 6976K [0x03ff0000, 0x08470000, 0x09540000)
  eden space 56192K,   0% used [0x03ff0000, 0x03ff0000, 0x076d0000)
  from space 6976K, 100% used [0x076d0000, 0x07da0000, 0x07da0000)
  to   space 6976K,   0% used [0x07da0000, 0x07da0000, 0x08470000)
 tenured generation   total 140200K, used 128202K [0x09540000, 0x11e2a000, 0x13ff0000)
   the space 140200K,  91% used [0x09540000, 0x11272ab0, 0x11272c00, 0x11e2a000)
 compacting perm gen  total 12288K, used 3589K [0x13ff0000, 0x14bf0000, 0x17ff0000)
   the space 12288K,  29% used [0x13ff0000, 0x14371538, 0x14371600, 0x14bf0000)
No shared spaces configured.
}
Event: 4.665 GC heap before
{Heap before GC invocations=52 (full 5):
 def new generation   total 63168K, used 63168K [0x03ff0000, 0x08470000, 0x09540000)
  eden space 56192K, 100% used [0x03ff0000, 0x076d0000, 0x076d0000)
  from space 6976K, 100% used [0x076d0000, 0x07da0000, 0x07da0000)
  to   space 6976K,   0% used [0x07da0000, 0x07da0000, 0x08470000)
 tenured generation   total 140200K, used 128202K [0x09540000, 0x11e2a000, 0x13ff0000)
   the space 140200K,  91% used [0x09540000, 0x11272ab0, 0x11272c00, 0x11e2a000)
 compacting perm gen  total 12288K, used 3589K [0x13ff0000, 0x14bf0000, 0x17ff0000)
   the space 12288K,  29% used [0x13ff0000, 0x14371538, 0x14371600, 0x14bf0000)
No shared spaces configured.
Event: 4.701 GC heap after
Heap after GC invocations=53 (full 5):
 def new generation   total 63168K, used 6976K [0x03ff0000, 0x08470000, 0x09540000)
  eden space 56192K,   0% used [0x03ff0000, 0x03ff0000, 0x076d0000)
  from space 6976K, 100% used [0x07da0000, 0x08470000, 0x08470000)
  to   space 6976K,   0% used [0x076d0000, 0x076d0000, 0x07da0000)
 tenured generation   total 140200K, used 135990K [0x09540000, 0x11e2a000, 0x13ff0000)
   the space 140200K,  96% used [0x09540000, 0x11a0d990, 0x11a0da00, 0x11e2a000)
 compacting perm gen  total 12288K, used 3589K [0x13ff0000, 0x14bf0000, 0x17ff0000)
   the space 12288K,  29% used [0x13ff0000, 0x14371538, 0x14371600, 0x14bf0000)
No shared spaces configured.
}
Event: 4.841 GC heap before
{Heap before GC invocations=53 (full 5):
 def new generation   total 63168K, used 63168K [0x03ff0000, 0x08470000, 0x09540000)
  eden space 56192K, 100% used [0x03ff0000, 0x076d0000, 0x076d0000)
  from space 6976K, 100% used [0x07da0000, 0x08470000, 0x08470000)
  to   space 6976K,   0% used [0x076d0000, 0x076d0000, 0x07da0000)
 tenured generation   total 140200K, used 135990K [0x09540000, 0x11e2a000, 0x13ff0000)
   the space 140200K,  96% used [0x09540000, 0x11a0d990, 0x11a0da00, 0x11e2a000)
 compacting perm gen  total 12288K, used 3589K [0x13ff0000, 0x14bf0000, 0x17ff0000)
   the space 12288K,  29% used [0x13ff0000, 0x14371538, 0x14371600, 0x14bf0000)
No shared spaces configured.
Event: 5.272 GC heap after
Heap after GC invocations=54 (full 6):
 def new generation   total 64768K, used 6971K [0x03ff0000, 0x08630000, 0x09540000)
  eden space 57600K,  12% used [0x03ff0000, 0x046bed38, 0x07830000)
  from space 7168K,   0% used [0x07830000, 0x07830000, 0x07f30000)
  to   space 7168K,   0% used [0x07f30000, 0x07f30000, 0x08630000)
 tenured generation   total 143784K, used 143756K [0x09540000, 0x121aa000, 0x13ff0000)
   the space 143784K,  99% used [0x09540000, 0x121a32e0, 0x121a3400, 0x121aa000)
 compacting perm gen  total 12288K, used 3589K [0x13ff0000, 0x14bf0000, 0x17ff0000)
   the space 12288K,  29% used [0x13ff0000, 0x14371538, 0x14371600, 0x14bf0000)
No shared spaces configured.
}
Event: 5.401 GC heap before
{Heap before GC invocations=54 (full 6):
 def new generation   total 64768K, used 57600K [0x03ff0000, 0x08630000, 0x09540000)
  eden space 57600K, 100% used [0x03ff0000, 0x07830000, 0x07830000)
  from space 7168K,   0% used [0x07830000, 0x07830000, 0x07f30000)
  to   space 7168K,   0% used [0x07f30000, 0x07f30000, 0x08630000)
 tenured generation   total 143784K, used 143756K [0x09540000, 0x121aa000, 0x13ff0000)
   the space 143784K,  99% used [0x09540000, 0x121a32e0, 0x121a3400, 0x121aa000)
 compacting perm gen  total 12288K, used 3589K [0x13ff0000, 0x14bf0000, 0x17ff0000)
   the space 12288K,  29% used [0x13ff0000, 0x14371538, 0x14371600, 0x14bf0000)
No shared spaces configured.

